<?xml version="1.0" encoding="UTF-8"?>
<!-- Generated by org.testng.reporters.JUnitReportReporter -->
<testsuite hostname="NUV-5CG1152V3W" failures="0" tests="6" name="ShoppingTests.TESTS_HomePage" time="12.554" errors="0" timestamp="2023-01-25T17:43:18 EET" skipped="1">
  <testcase classname="ShoppingTests.TESTS_HomePage" name="t2_SearchField_verifyAutoSuggestResults" time="1.566"/>
  <system-out>
    <![CDATA[Starting test method:t2_SearchField_verifyAutoSuggestResults
Successfully opened url 'https://ecommerce-playground.lambdatest.io/index.php?route=common/home'
 Enter value : Palm Treo Pro
t2_SearchField_verifyAutoSuggestResults is Passed]]>
  </system-out>
  <testcase classname="ShoppingTests.TESTS_HomePage" name="t3_search_ProductInTheSearchFieldAndVerifyResults" time="3.127"/>
  <system-out>
    <![CDATA[Starting test method:t3_search_ProductInTheSearchFieldAndVerifyResults
Successfully opened url 'https://ecommerce-playground.lambdatest.io/index.php?route=common/home'
 Enter value : Palm Treo Pro
t3_search_ProductInTheSearchFieldAndVerifyResults is Passed]]>
  </system-out>
  <testcase classname="ShoppingTests.TESTS_HomePage" name="t1_verify_HomePageElements" time="3.721"/>
  <system-out>
    <![CDATA[Starting test method:t1_verify_HomePageElements
Successfully opened url 'https://ecommerce-playground.lambdatest.io/index.php?route=common/home'
t1_verify_HomePageElements is Passed]]>
  </system-out>
  <testcase classname="ShoppingTests.TESTS_HomePage" name="t2_SearchField_verifyAutoSuggestResults" time="1.580"/>
  <system-out>
    <![CDATA[Starting test method:t2_SearchField_verifyAutoSuggestResults
Successfully opened url 'https://ecommerce-playground.lambdatest.io/index.php?route=common/home'
 Enter value : HTC Touch HD
t2_SearchField_verifyAutoSuggestResults is Passed]]>
  </system-out>
  <testcase classname="ShoppingTests.TESTS_HomePage" name="t3_search_ProductInTheSearchFieldAndVerifyResults" time="2.560"/>
  <system-out>
    <![CDATA[Starting test method:t3_search_ProductInTheSearchFieldAndVerifyResults
Successfully opened url 'https://ecommerce-playground.lambdatest.io/index.php?route=common/home'
 Enter value : HTC Touch HD
t3_search_ProductInTheSearchFieldAndVerifyResults is Passed]]>
  </system-out>
  <testcase classname="ShoppingTests.TESTS_HomePage" name="t5">
    <skipped/>
  </testcase> <!-- t5 -->
  <system-out/>
</testsuite> <!-- ShoppingTests.TESTS_HomePage -->
