<?xml version="1.0" encoding="UTF-8"?>
<!-- Generated by org.testng.reporters.JUnitReportReporter -->
<testsuite hostname="NUV-5CG1152V3W" failures="0" tests="1" name="ShoppingTests.TESTS_DirectCheckout" time="29.819" errors="0" timestamp="2023-01-25T21:28:55 EET" skipped="0">
  <testcase classname="ShoppingTests.TESTS_DirectCheckout" name="DirectCheckoutItem_With_VAT" time="29.819"/>
  <system-out>
    <![CDATA[Starting test method:DirectCheckoutItem_With_VAT
Successfully opened url 'https://ecommerce-playground.lambdatest.io/index.php?route=common/home'
 Enter value : HTC Touch HD
 Enter value : testFNxzv
 Enter value : testLNiyw
 Enter value : testEmailmns@test.com
 Enter value : +359123456789
 Enter value : 1234
 Enter value : 1234
 Enter value : CompanyTestpzf
 Enter value : address1_lht
 Enter value : address2_nfy
 Enter value : Sofia
 Enter value : 1111
Text : VAT (20%): - is Verified
DirectCheckoutItem_With_VAT is Passed]]>
  </system-out>
</testsuite> <!-- ShoppingTests.TESTS_DirectCheckout -->
