<?xml version="1.0" encoding="UTF-8"?>
<!-- Generated by org.testng.reporters.JUnitReportReporter -->
<testsuite hostname="NUV-5CG1152V3W" failures="0" tests="1" name="ShoppingTests.TESTS_PurchaseGuest_VAT" time="30.350" errors="0" timestamp="2023-01-25T21:28:55 EET" skipped="0">
  <testcase classname="ShoppingTests.TESTS_PurchaseGuest_VAT" name="GuestCheckoutItem_With_VAT" time="30.350"/>
  <system-out>
    <![CDATA[Starting test method:GuestCheckoutItem_With_VAT
Successfully opened url 'https://ecommerce-playground.lambdatest.io/index.php?route=common/home'
 Enter value : HTC Touch HD
 Enter value : testFNqtj
 Enter value : testLNjzw
 Enter value : testEmailkmp@test.com
 Enter value : +359123456789
 Enter value : CompanyTestjzd
 Enter value : address1_hzc
 Enter value : address2_ubk
 Enter value : Sofia
 Enter value : 1111
Text : VAT (20%): - is Verified
GuestCheckoutItem_With_VAT is Passed]]>
  </system-out>
</testsuite> <!-- ShoppingTests.TESTS_PurchaseGuest_VAT -->
