<?xml version="1.0" encoding="UTF-8"?>
<!-- Generated by org.testng.reporters.JUnitReportReporter -->
<testsuite hostname="NUV-5CG1152V3W" failures="0" tests="1" name="ShoppingTests.TESTS_PurchaseWithLoggedUser" time="19.778" errors="0" timestamp="2023-01-25T17:43:18 EET" skipped="0">
  <testcase classname="ShoppingTests.TESTS_PurchaseWithLoggedUser" name="LoginAndPurchase" time="19.778"/>
  <system-out>
    <![CDATA[Starting test method:LoginAndPurchase
Successfully opened url 'https://ecommerce-playground.lambdatest.io/index.php?route=account/login'
 Enter value : HTC Touch HD
 Enter value : testFNdpz
 Enter value : testLNdlv
 Enter value : testEmailobk@test.com
 Enter value : +359123456789
 Enter value : 1234
 Enter value : 1234
 Enter value : CompanyTestwts
 Enter value : address1_buz
 Enter value : address2_oxj
 Enter value : Sofia
 Enter value : 1111
Text : VAT (20%): - is Verified
LoginAndPurchase is Passed]]>
  </system-out>
</testsuite> <!-- ShoppingTests.TESTS_PurchaseWithLoggedUser -->
