<?xml version="1.0" encoding="UTF-8"?>
<!-- Generated by org.testng.reporters.JUnitReportReporter -->
<testsuite hostname="NUV-5CG1152V3W" failures="0" tests="2" name="ShoppingTests.TESTS_ShoppingCartAddRemoveItems" time="11.199" errors="0" timestamp="2023-01-25T17:43:18 EET" skipped="0">
  <testcase classname="ShoppingTests.TESTS_ShoppingCartAddRemoveItems" name="t2_shopingCart_AddMultipleItemsVerification" time="4.952"/>
  <system-out>
    <![CDATA[Starting test method:t2_shopingCart_AddMultipleItemsVerification
Successfully opened url 'https://ecommerce-playground.lambdatest.io/index.php?route=common/home'
 Enter value : HTC Touch HD
t2_shopingCart_AddMultipleItemsVerification is Passed]]>
  </system-out>
  <testcase classname="ShoppingTests.TESTS_ShoppingCartAddRemoveItems" name="t1_shoppingCartVerificationAndRemoveProducts" time="6.247"/>
  <system-out>
    <![CDATA[Starting test method:t1_shoppingCartVerificationAndRemoveProducts
Successfully opened url 'https://ecommerce-playground.lambdatest.io/index.php?route=common/home'
 Enter value : HTC Touch HD
Text : Checkout - is Verified
Text : View Cart - is Verified
Page title  is Verified
Text : IMAGE - is Verified
Text : PRODUCT NAME - is Verified
Text : MODEL - is Verified
Text : QUANTITY - is Verified
Text : UNIT PRICE - is Verified
Text : TOTAL - is Verified
t1_shoppingCartVerificationAndRemoveProducts is Passed]]>
  </system-out>
</testsuite> <!-- ShoppingTests.TESTS_ShoppingCartAddRemoveItems -->
