<?xml version="1.0" encoding="UTF-8"?>
<!-- Generated by org.testng.reporters.JUnitReportReporter -->
<testsuite hostname="NUV-5CG1152V3W" failures="0" tests="1" name="ShoppingTests.TESTS_PurchaseGuest_NO_VAT" time="36.980" errors="0" timestamp="2023-01-25T21:28:55 EET" skipped="0">
  <testcase classname="ShoppingTests.TESTS_PurchaseGuest_NO_VAT" name="GuestCheckoutItem_Without_VAT" time="36.980"/>
  <system-out>
    <![CDATA[Starting test method:GuestCheckoutItem_Without_VAT
Successfully opened url 'https://ecommerce-playground.lambdatest.io/index.php?route=common/home'
 Enter value : HTC Touch HD
 Enter value : testFNpba
 Enter value : testLNszn
 Enter value : testEmailkfc@test.com
 Enter value : +359123456789
 Enter value : CompanyTestaeq
 Enter value : address1_fcp
 Enter value : address2_bbc
 Enter value : Sofia
 Enter value : 1111
GuestCheckoutItem_Without_VAT is Passed]]>
  </system-out>
</testsuite> <!-- ShoppingTests.TESTS_PurchaseGuest_NO_VAT -->
