<?xml version="1.0" encoding="UTF-8"?>
<!-- Generated by org.testng.reporters.JUnitReportReporter -->
<testsuite hostname="NUV-5CG1152V3W" failures="0" tests="1" name="ShoppingTests.TESTS_ShoppingCartAddRemoveItems" time="10.028" errors="0" timestamp="2023-01-26T10:32:12 EET" skipped="0">
  <testcase classname="ShoppingTests.TESTS_ShoppingCartAddRemoveItems" name="t1_shoppingCartVerificationAndRemoveProducts" time="10.028"/>
  <system-out>
    <![CDATA[Successfully opened url 'https://ecommerce-playground.lambdatest.io/index.php?route=common/home'
 Enter value : HTC Touch HD
Text : Checkout - is Verified
Text : View Cart - is Verified
Page title  is Verified
Text : IMAGE - is Verified
Text : PRODUCT NAME - is Verified
Text : MODEL - is Verified
Text : QUANTITY - is Verified
Text : UNIT PRICE - is Verified
Text : TOTAL - is Verified]]>
  </system-out>
</testsuite> <!-- ShoppingTests.TESTS_ShoppingCartAddRemoveItems -->
