<?xml version="1.0" encoding="UTF-8"?>
<!-- Generated by org.testng.reporters.JUnitReportReporter -->
<testsuite hostname="NUV-5CG1152V3W" failures="0" tests="1" name="ShoppingTests.TESTS_PurchaseRegisteredAccount_NO_VAT" time="26.631" errors="0" timestamp="2023-01-25T14:18:22 EET" skipped="0">
  <testcase classname="ShoppingTests.TESTS_PurchaseRegisteredAccount_NO_VAT" name="t3_CheckoutItem_Without_VAT" time="26.631"/>
  <system-out>
    <![CDATA[Starting test method:t3_CheckoutItem_Without_VAT
Successfully opened url 'https://ecommerce-playground.lambdatest.io/index.php?route=common/home'
 Enter value : HTC Touch HD
 Enter value : testFNkdn
 Enter value : testLNbxq
 Enter value : testEmailbny@test.com
 Enter value : +359123456789
 Enter value : 1234
 Enter value : 1234
 Enter value : CompanyTestqcy
 Enter value : address1_hbp
 Enter value : address2_tqa
 Enter value : Sofia
 Enter value : 1111
t3_CheckoutItem_Without_VAT is Passed]]>
  </system-out>
</testsuite> <!-- ShoppingTests.TESTS_PurchaseRegisteredAccount_NO_VAT -->
