<?xml version="1.0" encoding="UTF-8"?>
<!-- Generated by org.testng.reporters.JUnitReportReporter -->
<testsuite hostname="NUV-5CG1152V3W" failures="0" tests="3" name="ShoppingTests.TESTS_PurchaseRegisteredAccount_VAT" time="31.870" errors="0" timestamp="2023-01-25T21:28:55 EET" skipped="2">
  <testcase classname="ShoppingTests.TESTS_PurchaseRegisteredAccount_VAT" name="CheckoutItem_With_VAT" time="31.870"/>
  <system-out>
    <![CDATA[Starting test method:CheckoutItem_With_VAT
Successfully opened url 'https://ecommerce-playground.lambdatest.io/index.php?route=common/home'
 Enter value : HTC Touch HD
 Enter value : testFNqzm
 Enter value : testLNbuu
 Enter value : testEmailbfa@test.com
 Enter value : +359123456789
 Enter value : 1234
 Enter value : 1234
 Enter value : CompanyTestcks
 Enter value : address1_bja
 Enter value : address2_qim
 Enter value : Sofia
 Enter value : 1111
Text : VAT (20%): - is Verified
CheckoutItem_With_VAT is Passed]]>
  </system-out>
  <testcase classname="ShoppingTests.TESTS_PurchaseRegisteredAccount_VAT" name="ggg">
    <skipped/>
  </testcase> <!-- ggg -->
  <system-out/>
  <testcase classname="ShoppingTests.TESTS_PurchaseRegisteredAccount_VAT" name="TBD">
    <skipped/>
  </testcase> <!-- TBD -->
  <system-out/>
</testsuite> <!-- ShoppingTests.TESTS_PurchaseRegisteredAccount_VAT -->
