<?xml version="1.0" encoding="UTF-8"?>
<!-- Generated by org.testng.reporters.JUnitReportReporter -->
<testsuite hostname="NUV-5CG1152V3W" failures="0" tests="1" name="ShoppingTests.TESTS_ContinueShopping" time="8.642" errors="0" timestamp="2023-01-25T21:28:55 EET" skipped="0">
  <testcase classname="ShoppingTests.TESTS_ContinueShopping" name="CheckoutItem_With_VAT" time="8.642"/>
  <system-out>
    <![CDATA[Starting test method:CheckoutItem_With_VAT
Successfully opened url 'https://ecommerce-playground.lambdatest.io/index.php?route=common/home'
 Enter value : HTC Touch HD
Page title  is Verified
CheckoutItem_With_VAT is Passed]]>
  </system-out>
</testsuite> <!-- ShoppingTests.TESTS_ContinueShopping -->
