<?xml version="1.0" encoding="UTF-8"?>
<!-- Generated by org.testng.reporters.JUnitReportReporter -->
<testsuite hostname="NUV-5CG1152V3W" failures="0" tests="1" name="ShoppingTests.TESTS_PurchaseRegisteredAccount_NO_VAT" time="37.394" errors="0" timestamp="2023-01-25T21:28:55 EET" skipped="0">
  <testcase classname="ShoppingTests.TESTS_PurchaseRegisteredAccount_NO_VAT" name="CheckoutItem_Without_VAT" time="37.394"/>
  <system-out>
    <![CDATA[Starting test method:CheckoutItem_Without_VAT
Successfully opened url 'https://ecommerce-playground.lambdatest.io/index.php?route=common/home'
 Enter value : HTC Touch HD
 Enter value : testFNryg
 Enter value : testLNbkr
 Enter value : testEmailekg@test.com
 Enter value : +359123456789
 Enter value : 1234
 Enter value : 1234
 Enter value : CompanyTestlxy
 Enter value : address1_ibj
 Enter value : address2_dew
 Enter value : Sofia
 Enter value : 1111
CheckoutItem_Without_VAT is Passed]]>
  </system-out>
</testsuite> <!-- ShoppingTests.TESTS_PurchaseRegisteredAccount_NO_VAT -->
