<?xml version="1.0" encoding="UTF-8"?>
<!-- Generated by org.testng.reporters.JUnitReportReporter -->
<testsuite hostname="NUV-5CG1152V3W" failures="0" tests="6" name="ShoppingTests.TESTS_HomePage" time="11.218" errors="0" timestamp="2023-01-25T14:18:22 EET" skipped="0">
  <testcase classname="ShoppingTests.TESTS_HomePage" name="t2_SearchField_verifyAutoSuggestResults" time="1.399"/>
  <system-out>
    <![CDATA[Starting test method:t2_SearchField_verifyAutoSuggestResults
Successfully opened url 'https://ecommerce-playground.lambdatest.io/index.php?route=common/home'
 Enter value : Palm Treo Pro
t2_SearchField_verifyAutoSuggestResults is Passed]]>
  </system-out>
  <testcase classname="ShoppingTests.TESTS_HomePage" name="t2_SearchField_verifyAutoSuggestResults" time="1.446"/>
  <system-out>
    <![CDATA[Starting test method:t2_SearchField_verifyAutoSuggestResults
Successfully opened url 'https://ecommerce-playground.lambdatest.io/index.php?route=common/home'
 Enter value : HTC Touch HD
t2_SearchField_verifyAutoSuggestResults is Passed]]>
  </system-out>
  <testcase classname="ShoppingTests.TESTS_HomePage" name="t3_search_ProductInTheSearchFieldAndVerifyResults" time="2.452"/>
  <system-out>
    <![CDATA[Starting test method:t3_search_ProductInTheSearchFieldAndVerifyResults
Successfully opened url 'https://ecommerce-playground.lambdatest.io/index.php?route=common/home'
 Enter value : HTC Touch HD
t3_search_ProductInTheSearchFieldAndVerifyResults is Passed]]>
  </system-out>
  <testcase classname="ShoppingTests.TESTS_HomePage" name="t5" time="0.001"/>
  <system-out>
    <![CDATA[Starting test method:t5
t5 is Passed]]>
  </system-out>
  <testcase classname="ShoppingTests.TESTS_HomePage" name="t1_verifyLambdaTest_HomePageElements" time="3.311"/>
  <system-out>
    <![CDATA[Starting test method:t1_verifyLambdaTest_HomePageElements
Successfully opened url 'https://ecommerce-playground.lambdatest.io/index.php?route=common/home'
t1_verifyLambdaTest_HomePageElements is Passed]]>
  </system-out>
  <testcase classname="ShoppingTests.TESTS_HomePage" name="t3_search_ProductInTheSearchFieldAndVerifyResults" time="2.609"/>
  <system-out>
    <![CDATA[Starting test method:t3_search_ProductInTheSearchFieldAndVerifyResults
Successfully opened url 'https://ecommerce-playground.lambdatest.io/index.php?route=common/home'
 Enter value : Palm Treo Pro
t3_search_ProductInTheSearchFieldAndVerifyResults is Passed]]>
  </system-out>
</testsuite> <!-- ShoppingTests.TESTS_HomePage -->
