<?xml version="1.0" encoding="UTF-8"?>
<!-- Generated by org.testng.reporters.JUnitReportReporter -->
<testsuite hostname="NUV-5CG1152V3W" failures="0" tests="1" name="ShoppingTests.TESTS_PurchaseWithLoggedUser" time="18.225" errors="0" timestamp="2023-01-25T14:18:22 EET" skipped="0">
  <testcase classname="ShoppingTests.TESTS_PurchaseWithLoggedUser" name="t1_LoginAndPurchase" time="18.225"/>
  <system-out>
    <![CDATA[Starting test method:t1_LoginAndPurchase
Successfully opened url 'https://ecommerce-playground.lambdatest.io/index.php?route=account/login'
 Enter value : HTC Touch HD
 Enter value : testFNixw
 Enter value : testLNsdw
 Enter value : testEmailzbr@test.com
 Enter value : +359123456789
 Enter value : 1234
 Enter value : 1234
 Enter value : CompanyTestzkj
 Enter value : address1_smn
 Enter value : address2_vmb
 Enter value : Sofia
 Enter value : 1111
Text : VAT (20%): - is Verified
t1_LoginAndPurchase is Passed]]>
  </system-out>
</testsuite> <!-- ShoppingTests.TESTS_PurchaseWithLoggedUser -->
